<?xml version="1.0" encoding="UTF-8"?>
<testsuite name="osori.cbhs.CbhsApplicationTests" tests="1" skipped="0" failures="0" errors="0" timestamp="2022-08-20T16:02:44" hostname="MacBook-Pro-3.local" time="0.235">
  <properties/>
  <testcase name="contextLoads()" classname="osori.cbhs.CbhsApplicationTests" time="0.235"/>
  <system-out><![CDATA[01:02:38.355 [Test worker] DEBUG org.springframework.test.context.BootstrapUtils - Instantiating CacheAwareContextLoaderDelegate from class [org.springframework.test.context.cache.DefaultCacheAwareContextLoaderDelegate]
01:02:38.367 [Test worker] DEBUG org.springframework.test.context.BootstrapUtils - Instantiating BootstrapContext using constructor [public org.springframework.test.context.support.DefaultBootstrapContext(java.lang.Class,org.springframework.test.context.CacheAwareContextLoaderDelegate)]
01:02:38.403 [Test worker] DEBUG org.springframework.test.context.BootstrapUtils - Instantiating TestContextBootstrapper for test class [osori.cbhs.CbhsApplicationTests] from class [org.springframework.boot.test.context.SpringBootTestContextBootstrapper]
01:02:38.415 [Test worker] INFO org.springframework.boot.test.context.SpringBootTestContextBootstrapper - Neither @ContextConfiguration nor @ContextHierarchy found for test class [osori.cbhs.CbhsApplicationTests], using SpringBootContextLoader
01:02:38.419 [Test worker] DEBUG org.springframework.test.context.support.AbstractContextLoader - Did not detect default resource location for test class [osori.cbhs.CbhsApplicationTests]: class path resource [osori/cbhs/CbhsApplicationTests-context.xml] does not exist
01:02:38.420 [Test worker] DEBUG org.springframework.test.context.support.AbstractContextLoader - Did not detect default resource location for test class [osori.cbhs.CbhsApplicationTests]: class path resource [osori/cbhs/CbhsApplicationTestsContext.groovy] does not exist
01:02:38.420 [Test worker] INFO org.springframework.test.context.support.AbstractContextLoader - Could not detect default resource locations for test class [osori.cbhs.CbhsApplicationTests]: no resource found for suffixes {-context.xml, Context.groovy}.
01:02:38.421 [Test worker] INFO org.springframework.test.context.support.AnnotationConfigContextLoaderUtils - Could not detect default configuration classes for test class [osori.cbhs.CbhsApplicationTests]: CbhsApplicationTests does not declare any static, non-private, non-final, nested classes annotated with @Configuration.
01:02:38.475 [Test worker] DEBUG org.springframework.test.context.support.ActiveProfilesUtils - Could not find an 'annotation declaring class' for annotation type [org.springframework.test.context.ActiveProfiles] and class [osori.cbhs.CbhsApplicationTests]
01:02:38.546 [Test worker] DEBUG org.springframework.context.annotation.ClassPathScanningCandidateComponentProvider - Identified candidate component class: file [/Users/gim-yeong-u/osori-backend/APImain/build/classes/java/main/osori/cbhs/CbhsApplication.class]
01:02:38.547 [Test worker] INFO org.springframework.boot.test.context.SpringBootTestContextBootstrapper - Found @SpringBootConfiguration osori.cbhs.CbhsApplication for test class osori.cbhs.CbhsApplicationTests
01:02:38.645 [Test worker] DEBUG org.springframework.boot.test.context.SpringBootTestContextBootstrapper - @TestExecutionListeners is not present for class [osori.cbhs.CbhsApplicationTests]: using defaults.
01:02:38.645 [Test worker] INFO org.springframework.boot.test.context.SpringBootTestContextBootstrapper - Loaded default TestExecutionListener class names from location [META-INF/spring.factories]: [org.springframework.boot.test.autoconfigure.restdocs.RestDocsTestExecutionListener, org.springframework.boot.test.autoconfigure.web.client.MockRestServiceServerResetTestExecutionListener, org.springframework.boot.test.autoconfigure.web.servlet.MockMvcPrintOnlyOnFailureTestExecutionListener, org.springframework.boot.test.autoconfigure.web.servlet.WebDriverTestExecutionListener, org.springframework.boot.test.autoconfigure.webservices.client.MockWebServiceServerTestExecutionListener, org.springframework.boot.test.mock.mockito.MockitoTestExecutionListener, org.springframework.boot.test.mock.mockito.ResetMocksTestExecutionListener, org.springframework.test.context.web.ServletTestExecutionListener, org.springframework.test.context.support.DirtiesContextBeforeModesTestExecutionListener, org.springframework.test.context.event.ApplicationEventsTestExecutionListener, org.springframework.test.context.support.DependencyInjectionTestExecutionListener, org.springframework.test.context.support.DirtiesContextTestExecutionListener, org.springframework.test.context.transaction.TransactionalTestExecutionListener, org.springframework.test.context.jdbc.SqlScriptsTestExecutionListener, org.springframework.test.context.event.EventPublishingTestExecutionListener]
01:02:38.664 [Test worker] INFO org.springframework.boot.test.context.SpringBootTestContextBootstrapper - Using TestExecutionListeners: [org.springframework.test.context.web.ServletTestExecutionListener@5b11a194, org.springframework.test.context.support.DirtiesContextBeforeModesTestExecutionListener@37bd68c3, org.springframework.test.context.event.ApplicationEventsTestExecutionListener@60f7cc1d, org.springframework.boot.test.mock.mockito.MockitoTestExecutionListener@11eadcba, org.springframework.boot.test.autoconfigure.SpringBootDependencyInjectionTestExecutionListener@4721d212, org.springframework.test.context.support.DirtiesContextTestExecutionListener@1b065145, org.springframework.test.context.transaction.TransactionalTestExecutionListener@45cff11c, org.springframework.test.context.jdbc.SqlScriptsTestExecutionListener@207ea13, org.springframework.test.context.event.EventPublishingTestExecutionListener@4bff1903, org.springframework.boot.test.autoconfigure.restdocs.RestDocsTestExecutionListener@62dae540, org.springframework.boot.test.autoconfigure.web.client.MockRestServiceServerResetTestExecutionListener@5827af16, org.springframework.boot.test.autoconfigure.web.servlet.MockMvcPrintOnlyOnFailureTestExecutionListener@654d8173, org.springframework.boot.test.autoconfigure.web.servlet.WebDriverTestExecutionListener@56c9bbd8, org.springframework.boot.test.autoconfigure.webservices.client.MockWebServiceServerTestExecutionListener@630cb4a4, org.springframework.boot.test.mock.mockito.ResetMocksTestExecutionListener@636e8cc]
01:02:38.668 [Test worker] DEBUG org.springframework.test.context.support.AbstractDirtiesContextTestExecutionListener - Before test class: context [DefaultTestContext@3a62c01e testClass = CbhsApplicationTests, testInstance = [null], testMethod = [null], testException = [null], mergedContextConfiguration = [WebMergedContextConfiguration@7a8fa663 testClass = CbhsApplicationTests, locations = '{}', classes = '{class osori.cbhs.CbhsApplication}', contextInitializerClasses = '[]', activeProfiles = '{}', propertySourceLocations = '{}', propertySourceProperties = '{org.springframework.boot.test.context.SpringBootTestContextBootstrapper=true}', contextCustomizers = set[org.springframework.boot.test.autoconfigure.actuate.metrics.MetricsExportContextCustomizerFactory$DisableMetricExportContextCustomizer@54504ecd, org.springframework.boot.test.autoconfigure.properties.PropertyMappingContextCustomizer@0, org.springframework.boot.test.autoconfigure.web.servlet.WebDriverContextCustomizerFactory$Customizer@7b205dbd, org.springframework.boot.test.context.filter.ExcludeFilterContextCustomizer@63f259c3, org.springframework.boot.test.json.DuplicateJsonObjectContextCustomizerFactory$DuplicateJsonObjectContextCustomizer@5c2375a9, org.springframework.boot.test.mock.mockito.MockitoContextCustomizer@0, org.springframework.boot.test.web.client.TestRestTemplateContextCustomizer@5505ae1a, org.springframework.boot.test.context.SpringBootTestArgs@1, org.springframework.boot.test.context.SpringBootTestWebEnvironment@2898ac89], resourceBasePath = 'src/main/webapp', contextLoader = 'org.springframework.boot.test.context.SpringBootContextLoader', parent = [null]], attributes = map['org.springframework.test.context.web.ServletTestExecutionListener.activateListener' -> true]], class annotated with @DirtiesContext [false] with mode [null].

  .   ____          _            __ _ _
 /\\ / ___'_ __ _ _(_)_ __  __ _ \ \ \ \
( ( )\___ | '_ | '_| | '_ \/ _` | \ \ \ \
 \\/  ___)| |_)| | | | | || (_| |  ) ) ) )
  '  |____| .__|_| |_|_| |_\__, | / / / /
 =========|_|==============|___/=/_/_/_/
 :: Spring Boot ::                (v2.7.2)

2022-08-21 01:02:39.112  INFO 31161 --- [    Test worker] osori.cbhs.CbhsApplicationTests          : Starting CbhsApplicationTests using Java 17.0.2 on MacBook-Pro-3.local with PID 31161 (started by gim-yeong-u in /Users/gim-yeong-u/osori-backend/APImain)
2022-08-21 01:02:39.114  INFO 31161 --- [    Test worker] osori.cbhs.CbhsApplicationTests          : No active profile set, falling back to 1 default profile: "default"
2022-08-21 01:02:40.007  WARN 31161 --- [    Test worker] o.m.s.mapper.ClassPathMapperScanner      : No MyBatis mapper was found in '[osori.cbhs]' package. Please check your configuration.
2022-08-21 01:02:40.075  INFO 31161 --- [    Test worker] .s.d.r.c.RepositoryConfigurationDelegate : Bootstrapping Spring Data JPA repositories in DEFAULT mode.
2022-08-21 01:02:40.132  INFO 31161 --- [    Test worker] .s.d.r.c.RepositoryConfigurationDelegate : Finished Spring Data repository scanning in 47 ms. Found 3 JPA repository interfaces.
2022-08-21 01:02:40.869  INFO 31161 --- [    Test worker] o.hibernate.jpa.internal.util.LogHelper  : HHH000204: Processing PersistenceUnitInfo [name: default]
2022-08-21 01:02:40.924  INFO 31161 --- [    Test worker] org.hibernate.Version                    : HHH000412: Hibernate ORM core version 5.6.10.Final
2022-08-21 01:02:41.097  INFO 31161 --- [    Test worker] o.hibernate.annotations.common.Version   : HCANN000001: Hibernate Commons Annotations {5.1.2.Final}
2022-08-21 01:02:41.203  INFO 31161 --- [    Test worker] com.zaxxer.hikari.HikariDataSource       : HikariPool-1 - Starting...
2022-08-21 01:02:41.815  INFO 31161 --- [    Test worker] com.zaxxer.hikari.HikariDataSource       : HikariPool-1 - Start completed.
2022-08-21 01:02:41.832  INFO 31161 --- [    Test worker] org.hibernate.dialect.Dialect            : HHH000400: Using dialect: org.hibernate.dialect.PostgreSQLDialect
2022-08-21 01:02:42.514  INFO 31161 --- [    Test worker] o.h.e.t.j.p.i.JtaPlatformInitiator       : HHH000490: Using JtaPlatform implementation: [org.hibernate.engine.transaction.jta.platform.internal.NoJtaPlatform]
2022-08-21 01:02:42.523  INFO 31161 --- [    Test worker] j.LocalContainerEntityManagerFactoryBean : Initialized JPA EntityManagerFactory for persistence unit 'default'
2022-08-21 01:02:42.613  WARN 31161 --- [    Test worker] JpaBaseConfiguration$JpaWebConfiguration : spring.jpa.open-in-view is enabled by default. Therefore, database queries may be performed during view rendering. Explicitly configure spring.jpa.open-in-view to disable this warning
2022-08-21 01:02:43.914  INFO 31161 --- [    Test worker] o.s.s.web.DefaultSecurityFilterChain     : Will secure any request with [org.springframework.security.web.session.DisableEncodeUrlFilter@47b71556, org.springframework.security.web.context.request.async.WebAsyncManagerIntegrationFilter@6fb2b972, org.springframework.security.web.context.SecurityContextPersistenceFilter@1ced1d14, org.springframework.security.web.header.HeaderWriterFilter@33cec966, org.springframework.security.web.authentication.logout.LogoutFilter@3203a4ae, osori.cbhs.jwt.JwtFilter@5fa3df, org.springframework.security.web.savedrequest.RequestCacheAwareFilter@7d28efd5, org.springframework.security.web.servletapi.SecurityContextHolderAwareRequestFilter@44cab872, org.springframework.security.web.authentication.AnonymousAuthenticationFilter@44f88149, org.springframework.security.web.session.SessionManagementFilter@21e15093, org.springframework.security.web.access.ExceptionTranslationFilter@1a18e68a, org.springframework.security.web.access.intercept.FilterSecurityInterceptor@425376cc]
2022-08-21 01:02:44.863  INFO 31161 --- [    Test worker] osori.cbhs.CbhsApplicationTests          : Started CbhsApplicationTests in 6.153 seconds (JVM running for 7.515)
]]></system-out>
  <system-err><![CDATA[]]></system-err>
</testsuite>
